[debug] [2025-03-05T19:54:29.136Z] ----------------------------------------------------------------------
[debug] [2025-03-05T19:54:29.138Z] Command:       C:\Program Files\nodejs\node.exe C:\Users\neo\AppData\Roaming\npm\node_modules\firebase-tools\lib\bin\firebase.js init
[debug] [2025-03-05T19:54:29.138Z] CLI Version:   13.32.0
[debug] [2025-03-05T19:54:29.138Z] Platform:      win32
[debug] [2025-03-05T19:54:29.139Z] Node Version:  v22.12.0
[debug] [2025-03-05T19:54:29.139Z] Time:          Thu Mar 06 2025 01:54:29 GMT+0600 (Bangladesh Standard Time)
[debug] [2025-03-05T19:54:29.139Z] ----------------------------------------------------------------------
[debug] 
[debug] [2025-03-05T19:54:29.145Z] > command requires scopes: ["email","openid","https://www.googleapis.com/auth/cloudplatformprojects.readonly","https://www.googleapis.com/auth/firebase","https://www.googleapis.com/auth/cloud-platform"]
[debug] [2025-03-05T19:54:29.145Z] > authorizing via signed-in user (abdullahmiraz2015@gmail.com)
[info] 
     ######## #### ########  ######## ########     ###     ######  ########
     ##        ##  ##     ## ##       ##     ##  ##   ##  ##       ##
     ######    ##  ########  ######   ########  #########  ######  ######
     ##        ##  ##    ##  ##       ##     ## ##     ##       ## ##
     ##       #### ##     ## ######## ########  ##     ##  ######  ########

You're about to initialize a Firebase project in this directory:

  D:\backup-gdrive\coders-life\01-office\Kumodev\projects\next-node-mongo

[info] 
=== Project Setup
[info] 
[info] First, let's associate this project directory with a Firebase project.
[info] You can create multiple project aliases by running firebase use --add, 
[info] but for now we'll just set up a default project.
[info] 
[debug] [2025-03-05T19:56:10.649Z] Checked if tokens are valid: true, expires at: 1741208044974
[debug] [2025-03-05T19:56:10.649Z] Checked if tokens are valid: true, expires at: 1741208044974
[debug] [2025-03-05T19:56:10.650Z] >>> [apiv2][query] GET https://firebase.googleapis.com/v1beta1/projects pageSize=100
[debug] [2025-03-05T19:56:11.779Z] <<< [apiv2][status] GET https://firebase.googleapis.com/v1beta1/projects 200
[debug] [2025-03-05T19:56:11.779Z] <<< [apiv2][body] GET https://firebase.googleapis.com/v1beta1/projects [omitted]
[info] i  Don't want to scroll through all your projects? If you know your project ID, you can initialize it directly using firebase init --project <project_id>.
 
[info] i  Using project native-pushy (native-pushy) 
[info] 
=== Functions Setup
[debug] [2025-03-05T19:56:25.822Z] > command requires scopes: ["email","openid","https://www.googleapis.com/auth/cloudplatformprojects.readonly","https://www.googleapis.com/auth/firebase","https://www.googleapis.com/auth/cloud-platform"]
[debug] [2025-03-05T19:56:25.822Z] > authorizing via signed-in user (abdullahmiraz2015@gmail.com)
[debug] [2025-03-05T19:56:25.822Z] [iam] checking project native-pushy for permissions ["firebase.projects.get"]
[debug] [2025-03-05T19:56:25.823Z] Checked if tokens are valid: true, expires at: 1741208044974
[debug] [2025-03-05T19:56:25.823Z] Checked if tokens are valid: true, expires at: 1741208044974
[debug] [2025-03-05T19:56:25.823Z] >>> [apiv2][query] POST https://cloudresourcemanager.googleapis.com/v1/projects/native-pushy:testIamPermissions [none]
[debug] [2025-03-05T19:56:25.823Z] >>> [apiv2][(partial)header] POST https://cloudresourcemanager.googleapis.com/v1/projects/native-pushy:testIamPermissions x-goog-quota-user=projects/native-pushy
[debug] [2025-03-05T19:56:25.823Z] >>> [apiv2][body] POST https://cloudresourcemanager.googleapis.com/v1/projects/native-pushy:testIamPermissions {"permissions":["firebase.projects.get"]}
[debug] [2025-03-05T19:56:27.312Z] <<< [apiv2][status] POST https://cloudresourcemanager.googleapis.com/v1/projects/native-pushy:testIamPermissions 200
[debug] [2025-03-05T19:56:27.312Z] <<< [apiv2][body] POST https://cloudresourcemanager.googleapis.com/v1/projects/native-pushy:testIamPermissions {"permissions":["firebase.projects.get"]}
[debug] [2025-03-05T19:56:27.312Z] Checked if tokens are valid: true, expires at: 1741208044974
[debug] [2025-03-05T19:56:27.312Z] Checked if tokens are valid: true, expires at: 1741208044974
[debug] [2025-03-05T19:56:27.312Z] Checked if tokens are valid: true, expires at: 1741208044974
[debug] [2025-03-05T19:56:27.312Z] Checked if tokens are valid: true, expires at: 1741208044974
[debug] [2025-03-05T19:56:27.312Z] >>> [apiv2][query] GET https://serviceusage.googleapis.com/v1/projects/native-pushy/services/cloudfunctions.googleapis.com [none]
[debug] [2025-03-05T19:56:27.312Z] >>> [apiv2][(partial)header] GET https://serviceusage.googleapis.com/v1/projects/native-pushy/services/cloudfunctions.googleapis.com x-goog-quota-user=projects/native-pushy
[debug] [2025-03-05T19:56:27.313Z] >>> [apiv2][query] GET https://serviceusage.googleapis.com/v1/projects/native-pushy/services/runtimeconfig.googleapis.com [none]
[debug] [2025-03-05T19:56:27.313Z] >>> [apiv2][(partial)header] GET https://serviceusage.googleapis.com/v1/projects/native-pushy/services/runtimeconfig.googleapis.com x-goog-quota-user=projects/native-pushy
[debug] [2025-03-05T19:56:29.134Z] <<< [apiv2][status] GET https://serviceusage.googleapis.com/v1/projects/native-pushy/services/runtimeconfig.googleapis.com 200
[debug] [2025-03-05T19:56:29.134Z] <<< [apiv2][body] GET https://serviceusage.googleapis.com/v1/projects/native-pushy/services/runtimeconfig.googleapis.com [omitted]
[debug] [2025-03-05T19:56:29.145Z] <<< [apiv2][status] GET https://serviceusage.googleapis.com/v1/projects/native-pushy/services/cloudfunctions.googleapis.com 200
[debug] [2025-03-05T19:56:29.145Z] <<< [apiv2][body] GET https://serviceusage.googleapis.com/v1/projects/native-pushy/services/cloudfunctions.googleapis.com [omitted]
[debug] [2025-03-05T19:56:29.145Z] Checked if tokens are valid: true, expires at: 1741208044974
[debug] [2025-03-05T19:56:29.145Z] Checked if tokens are valid: true, expires at: 1741208044974
[debug] [2025-03-05T19:56:29.145Z] >>> [apiv2][query] POST https://serviceusage.googleapis.com/v1/projects/native-pushy/services/cloudfunctions.googleapis.com:enable [none]
[debug] [2025-03-05T19:56:29.145Z] >>> [apiv2][(partial)header] POST https://serviceusage.googleapis.com/v1/projects/native-pushy/services/cloudfunctions.googleapis.com:enable x-goog-quota-user=projects/native-pushy
[debug] [2025-03-05T19:56:29.691Z] <<< [apiv2][status] POST https://serviceusage.googleapis.com/v1/projects/native-pushy/services/cloudfunctions.googleapis.com:enable 200
[debug] [2025-03-05T19:56:29.691Z] <<< [apiv2][body] POST https://serviceusage.googleapis.com/v1/projects/native-pushy/services/cloudfunctions.googleapis.com:enable [omitted]
[debug] [2025-03-05T19:56:39.692Z] Checked if tokens are valid: true, expires at: 1741208044974
[debug] [2025-03-05T19:56:39.692Z] Checked if tokens are valid: true, expires at: 1741208044974
[debug] [2025-03-05T19:56:39.692Z] >>> [apiv2][query] GET https://serviceusage.googleapis.com/v1/projects/native-pushy/services/cloudfunctions.googleapis.com [none]
[debug] [2025-03-05T19:56:39.692Z] >>> [apiv2][(partial)header] GET https://serviceusage.googleapis.com/v1/projects/native-pushy/services/cloudfunctions.googleapis.com x-goog-quota-user=projects/native-pushy
[debug] [2025-03-05T19:56:41.369Z] <<< [apiv2][status] GET https://serviceusage.googleapis.com/v1/projects/native-pushy/services/cloudfunctions.googleapis.com 200
[debug] [2025-03-05T19:56:41.369Z] <<< [apiv2][body] GET https://serviceusage.googleapis.com/v1/projects/native-pushy/services/cloudfunctions.googleapis.com [omitted]
[info] Let's create a new codebase for your functions.
[info] A directory corresponding to the codebase will be created in your project
[info] with sample code pre-configured.

[info] See https://firebase.google.com/docs/functions/organize-functions for
[info] more information on organizing your functions using codebases.

[info] Functions can be deployed with firebase deploy.

[info] +  Wrote functions/package.json 
[info] +  Wrote functions/index.js 
[info] +  Wrote functions/.gitignore 
[info] 
=== Hosting Setup
[debug] [2025-03-05T19:57:08.923Z] Checked if tokens are valid: true, expires at: 1741208044974
[debug] [2025-03-05T19:57:08.923Z] Checked if tokens are valid: true, expires at: 1741208044974
[debug] [2025-03-05T19:57:08.923Z] >>> [apiv2][query] GET https://firebase.googleapis.com/v1beta1/projects/native-pushy [none]
[debug] [2025-03-05T19:57:09.438Z] <<< [apiv2][status] GET https://firebase.googleapis.com/v1beta1/projects/native-pushy 200
[debug] [2025-03-05T19:57:09.438Z] <<< [apiv2][body] GET https://firebase.googleapis.com/v1beta1/projects/native-pushy {"projectId":"native-pushy","projectNumber":"436590903804","displayName":"native-pushy","name":"projects/native-pushy","resources":{"hostingSite":"native-pushy"},"state":"ACTIVE","etag":"1_4105e7e9-65a3-428d-8e66-bc14c93f53de"}
[info] 
[info] Your public directory is the folder (relative to your project directory) that
[info] will contain Hosting assets to be uploaded with firebase deploy. If you
[info] have a build process for your assets, use your build's output directory.
[info] 
[info] +  Wrote public/404.html 
[debug] [2025-03-05T19:59:40.488Z] >>> [apiv2][query] GET https://www.gstatic.com/firebasejs/releases.json [none]
[debug] [2025-03-05T19:59:40.673Z] <<< [apiv2][status] GET https://www.gstatic.com/firebasejs/releases.json 200
[debug] [2025-03-05T19:59:40.673Z] <<< [apiv2][body] GET https://www.gstatic.com/firebasejs/releases.json {"current":{"version":"11.4.0","browserURL":"https://www.gstatic.com/firebasejs/11.4.0/firebase.js","packageURL":"https://www.gstatic.com/firebasejs/11.4.0/firebase.tgz"},"live":{"version":"11.4","browserURL":"https://www.gstatic.com/firebasejs/live/11.4/firebase.js","packageURL":"https://www.gstatic.com/firebasejs/live/11.4/firebase.tgz"},"components":{"analytics":"https://www.gstatic.com/firebasejs/11.4.0/firebase-analytics.js","app":"https://www.gstatic.com/firebasejs/11.4.0/firebase-app.js","app-check":"https://www.gstatic.com/firebasejs/11.4.0/firebase-app-check.js","auth":"https://www.gstatic.com/firebasejs/11.4.0/firebase-auth.js","auth/cordova":"https://www.gstatic.com/firebasejs/11.4.0/firebase-auth/cordova.js","auth/web-extension":"https://www.gstatic.com/firebasejs/11.4.0/firebase-auth/web-extension.js","functions":"https://www.gstatic.com/firebasejs/11.4.0/firebase-functions.js","firestore":"https://www.gstatic.com/firebasejs/11.4.0/firebase-firestore.js","firestore/lite":"https://www.gstatic.com/firebasejs/11.4.0/firebase-firestore/lite.js","installations":"https://www.gstatic.com/firebasejs/11.4.0/firebase-installations.js","storage":"https://www.gstatic.com/firebasejs/11.4.0/firebase-storage.js","performance":"https://www.gstatic.com/firebasejs/11.4.0/firebase-performance.js","remote-config":"https://www.gstatic.com/firebasejs/11.4.0/firebase-remote-config.js","messaging":"https://www.gstatic.com/firebasejs/11.4.0/firebase-messaging.js","messaging/sw":"https://www.gstatic.com/firebasejs/11.4.0/firebase-messaging/sw.js","database":"https://www.gstatic.com/firebasejs/11.4.0/firebase-database.js","vertexai":"https://www.gstatic.com/firebasejs/11.4.0/firebase-vertexai.js","data-connect":"https://www.gstatic.com/firebasejs/11.4.0/firebase-data-connect.js","firestore.memory":"https://www.gstatic.com/firebasejs/11.4.0/firebase-firestore.memory.js"}}
[info] +  Wrote public/index.html 
[info] 
[info] i  Detected a .git folder at D:\backup-gdrive\coders-life\01-office\Kumodev\projects\next-node-mongo 
[info] i  Authorizing with GitHub to upload your service account to a GitHub repository's secrets store. 
[info] 
[info] Visit this URL on this device to log in:
[info] https://github.com/login/oauth/authorize?client_id=89cf50f02ac6aaed3484&state=908167688&redirect_uri=http%3A%2F%2Flocalhost%3A9005&scope=read%3Auser%20repo%20public_repo
[info] 
[info] Waiting for authentication...
[debug] [2025-03-05T19:59:41.466Z] >>> [apiv2][query] POST https://github.com/login/oauth/access_token [none]
[debug] [2025-03-05T19:59:41.466Z] >>> [apiv2][body] POST https://github.com/login/oauth/access_token [stream]
[debug] [2025-03-05T19:59:41.956Z] <<< [apiv2][status] POST https://github.com/login/oauth/access_token 200
[debug] [2025-03-05T19:59:41.956Z] <<< [apiv2][body] POST https://github.com/login/oauth/access_token {"access_token":"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","token_type":"bearer","scope":"read:user,repo"}
[debug] [2025-03-05T19:59:41.957Z] >>> [apiv2][query] GET https://api.github.com/user [none]
[debug] [2025-03-05T19:59:42.515Z] <<< [apiv2][status] GET https://api.github.com/user 200
[debug] [2025-03-05T19:59:42.515Z] <<< [apiv2][body] GET https://api.github.com/user {"login":"abdullahmiraz","id":39720659,"node_id":"MDQ6VXNlcjM5NzIwNjU5","avatar_url":"https://avatars.githubusercontent.com/u/39720659?v=4","gravatar_id":"","url":"https://api.github.com/users/abdullahmiraz","html_url":"https://github.com/abdullahmiraz","followers_url":"https://api.github.com/users/abdullahmiraz/followers","following_url":"https://api.github.com/users/abdullahmiraz/following{/other_user}","gists_url":"https://api.github.com/users/abdullahmiraz/gists{/gist_id}","starred_url":"https://api.github.com/users/abdullahmiraz/starred{/owner}{/repo}","subscriptions_url":"https://api.github.com/users/abdullahmiraz/subscriptions","organizations_url":"https://api.github.com/users/abdullahmiraz/orgs","repos_url":"https://api.github.com/users/abdullahmiraz/repos","events_url":"https://api.github.com/users/abdullahmiraz/events{/privacy}","received_events_url":"https://api.github.com/users/abdullahmiraz/received_events","type":"User","user_view_type":"private","site_admin":false,"name":"Abdullah Miraz","company":null,"blog":"https://abdullahmiraz.github.io/","location":"Dhaka, Bangladesh","email":null,"hireable":true,"bio":"Computer Science | Competitive Programming | Web | Cloud","twitter_username":"abdullah_miraz1","notification_email":null,"public_repos":101,"public_gists":0,"followers":1,"following":12,"created_at":"2018-05-29T05:08:54Z","updated_at":"2025-03-05T18:22:40Z","private_gists":1,"total_private_repos":81,"owned_private_repos":73,"disk_usage":1342042,"collaborators":6,"two_factor_authentication":true,"plan":{"name":"free","space":976562499,"collaborators":0,"private_repos":10000}}
[info] 
[info] +  Success! Logged into GitHub as abdullahmiraz 
[info] 
